<?xml version="1.0" encoding="UTF-8"?>
<!-- Generated by org.testng.reporters.JUnitReportReporter -->
<testsuite hostname="DESKTOP-A3SDNO3" failures="0" tests="1" name="com.selenium.training.RecorderScript" time="30.126" errors="0" timestamp="2021-10-08T10:24:18 IST" skipped="0">
  <testcase classname="com.selenium.training.RecorderScript" name="testParameterWithXML" time="30.126"/>
  <system-out/>
</testsuite> <!-- com.selenium.training.RecorderScript -->
