<?xml version="1.0" encoding="UTF-8"?>
<!-- Generated by org.testng.reporters.JUnitReportReporter -->
<testsuite hostname="DESKTOP-A3SDNO3" failures="0" tests="1" name="com.selenium.training.Dropdown" time="15.173" errors="0" timestamp="2021-10-06T15:13:44 IST" skipped="0">
  <testcase classname="com.selenium.training.Dropdown" name="dropDown" time="15.173"/>
  <system-out/>
</testsuite> <!-- com.selenium.training.Dropdown -->
