<?xml version="1.0" encoding="UTF-8"?>
<!-- Generated by org.testng.reporters.JUnitReportReporter -->
<testsuite hostname="DESKTOP-A3SDNO3" failures="0" tests="1" name="com.selenium.training.VerifyWordPressLogin" time="16.828" errors="0" timestamp="2021-10-07T10:05:53 IST" skipped="0">
  <testcase classname="com.selenium.training.VerifyWordPressLogin" name="verifyValidLogin" time="16.828"/>
  <system-out/>
</testsuite> <!-- com.selenium.training.VerifyWordPressLogin -->
