<?xml version="1.0" encoding="UTF-8"?>
<!-- Generated by org.testng.reporters.JUnitReportReporter -->
<testsuite hostname="DESKTOP-A3SDNO3" failures="0" tests="1" name="com.selenium.training.LoginTest" time="37.063" errors="0" timestamp="2021-10-06T15:13:44 IST" skipped="0">
  <testcase classname="com.selenium.training.LoginTest" name="Itest" time="37.063"/>
  <system-out/>
</testsuite> <!-- com.selenium.training.LoginTest -->
