<?xml version="1.0" encoding="UTF-8"?>
<!-- Generated by org.testng.reporters.JUnitReportReporter -->
<testsuite hostname="DESKTOP-A3SDNO3" failures="0" tests="1" name="com.selenium.training.Webtable" time="21.040" errors="0" timestamp="2021-10-06T16:02:49 IST" skipped="0">
  <testcase classname="com.selenium.training.Webtable" name="webTable" time="21.040"/>
  <system-out/>
</testsuite> <!-- com.selenium.training.Webtable -->
