<?xml version="1.0" encoding="UTF-8"?>
<!-- Generated by org.testng.reporters.JUnitReportReporter -->
<testsuite hostname="DESKTOP-A3SDNO3" failures="0" tests="1" name="com.selenium.training.Facebook" time="29.097" errors="0" timestamp="2021-10-06T15:13:44 IST" skipped="0">
  <testcase classname="com.selenium.training.Facebook" name="Itest" time="29.097"/>
  <system-out/>
</testsuite> <!-- com.selenium.training.Facebook -->
