<?xml version="1.0" encoding="UTF-8"?>
<!-- Generated by org.testng.reporters.JUnitReportReporter -->
<testsuite hostname="DESKTOP-A3SDNO3" failures="0" tests="2" name="com.selenium.training.CrossBrowser" time="52.456" errors="0" timestamp="2021-10-07T16:25:27 IST" skipped="0">
  <testcase classname="com.selenium.training.CrossBrowser" name="testParameterWithXML" time="24.914"/>
  <system-out/>
  <testcase classname="com.selenium.training.CrossBrowser" name="testParameterWithXML" time="27.542"/>
  <system-out/>
</testsuite> <!-- com.selenium.training.CrossBrowser -->
