<?xml version="1.0" encoding="UTF-8"?>
<!-- Generated by org.testng.reporters.JUnitReportReporter -->
<testsuite hostname="DESKTOP-A3SDNO3" failures="0" tests="1" name="com.selenium.training.Windowhandle" time="16.747" errors="0" timestamp="2021-10-07T09:32:28 IST" skipped="0">
  <testcase classname="com.selenium.training.Windowhandle" name="handle" time="16.747"/>
  <system-out/>
</testsuite> <!-- com.selenium.training.Windowhandle -->
