<?xml version="1.0" encoding="UTF-8"?>
<!-- Generated by org.testng.reporters.JUnitReportReporter -->
<testsuite hostname="DESKTOP-A3SDNO3" failures="0" tests="1" name="com.selenium.training.Day3Alert" time="56.064" errors="0" timestamp="2021-10-07T09:25:23 IST" skipped="0">
  <testcase classname="com.selenium.training.Day3Alert" name="alert" time="56.064"/>
  <system-out/>
</testsuite> <!-- com.selenium.training.Day3Alert -->
