<?xml version="1.0" encoding="UTF-8"?>
<!-- Generated by org.testng.reporters.JUnitReportReporter -->
<testsuite hostname="DESKTOP-A3SDNO3" failures="0" tests="1" name="com.selenium.training.RobotExample" time="55.418" errors="0" timestamp="2021-10-08T11:00:56 IST" skipped="0">
  <testcase classname="com.selenium.training.RobotExample" name="testRobot" time="55.418"/>
  <system-out/>
</testsuite> <!-- com.selenium.training.RobotExample -->
