<?xml version="1.0" encoding="UTF-8"?>
<!-- Generated by org.testng.reporters.JUnitReportReporter -->
<testsuite skipped="0" hostname="DESKTOP-A3SDNO3" name="com.selenium.training.Facebook" tests="1" failures="0" timestamp="2021-10-13T09:56:16 IST" time="93.321" errors="0">
  <testcase name="Itest" time="93.321" classname="com.selenium.training.Facebook"/>
  <system-out/>
</testsuite> <!-- com.selenium.training.Facebook -->
